CRITICAL - 2025-05-16 14:46:24 --> ParseError: syntax error, unexpected end of file, expecting "elseif" or "else" or "endif"
[Method: GET, Route: /]
in APPPATH\Views\back\auth\login.php on line 68.
 1 SYSTEMPATH\View\View.php(227): CodeIgniter\View\View->CodeIgniter\View\{closure}()
 2 SYSTEMPATH\Common.php(1173): CodeIgniter\View\View->render('back/auth/login', [], true)
 3 APPPATH\Views\front\footer.php(98): view('back/auth/login')
 4 SYSTEMPATH\View\View.php(224): include('C:\\xampp\\htdocs\\Proyecto_Isasi_Mon\\app\\Views\\front\\footer.php')
 5 SYSTEMPATH\View\View.php(227): CodeIgniter\View\View->CodeIgniter\View\{closure}()
 6 SYSTEMPATH\Common.php(1173): CodeIgniter\View\View->render('front/footer', [], true)
 7 APPPATH\Controllers\Home.php(13): view('front/footer', [...])
 8 SYSTEMPATH\CodeIgniter.php(933): App\Controllers\Home->index()
 9 SYSTEMPATH\CodeIgniter.php(507): CodeIgniter\CodeIgniter->runController(Object(App\Controllers\Home))
10 SYSTEMPATH\CodeIgniter.php(354): CodeIgniter\CodeIgniter->handleRequest(null, Object(Config\Cache), false)
11 SYSTEMPATH\Boot.php(334): CodeIgniter\CodeIgniter->run()
12 SYSTEMPATH\Boot.php(67): CodeIgniter\Boot::runCodeIgniter(Object(CodeIgniter\CodeIgniter))
13 FCPATH\index.php(56): CodeIgniter\Boot::bootWeb(Object(Config\Paths))
CRITICAL - 2025-05-16 14:47:38 --> ParseError: Unclosed '{' on line 64
[Method: GET, Route: /]
in APPPATH\Views\back\auth\registro.php on line 94.
 1 SYSTEMPATH\View\View.php(227): CodeIgniter\View\View->CodeIgniter\View\{closure}()
 2 SYSTEMPATH\Common.php(1173): CodeIgniter\View\View->render('back/auth/registro', [], true)
 3 APPPATH\Views\front\footer.php(99): view('back/auth/registro')
 4 SYSTEMPATH\View\View.php(224): include('C:\\xampp\\htdocs\\Proyecto_Isasi_Mon\\app\\Views\\front\\footer.php')
 5 SYSTEMPATH\View\View.php(227): CodeIgniter\View\View->CodeIgniter\View\{closure}()
 6 SYSTEMPATH\Common.php(1173): CodeIgniter\View\View->render('front/footer', [], true)
 7 APPPATH\Controllers\Home.php(13): view('front/footer', [...])
 8 SYSTEMPATH\CodeIgniter.php(933): App\Controllers\Home->index()
 9 SYSTEMPATH\CodeIgniter.php(507): CodeIgniter\CodeIgniter->runController(Object(App\Controllers\Home))
10 SYSTEMPATH\CodeIgniter.php(354): CodeIgniter\CodeIgniter->handleRequest(null, Object(Config\Cache), false)
11 SYSTEMPATH\Boot.php(334): CodeIgniter\CodeIgniter->run()
12 SYSTEMPATH\Boot.php(67): CodeIgniter\Boot::runCodeIgniter(Object(CodeIgniter\CodeIgniter))
13 FCPATH\index.php(56): CodeIgniter\Boot::bootWeb(Object(Config\Paths))
DEBUG - 2025-05-16 14:53:45 --> Session: Class initialized using 'CodeIgniter\Session\Handlers\FileHandler' driver.
CRITICAL - 2025-05-16 14:53:45 --> Error: Call to undefined function set_value()
[Method: GET, Route: /]
in APPPATH\Views\back\auth\registro.php on line 47.
 1 SYSTEMPATH\View\View.php(224): include()
 2 SYSTEMPATH\View\View.php(227): CodeIgniter\View\View->CodeIgniter\View\{closure}()
 3 SYSTEMPATH\Common.php(1173): CodeIgniter\View\View->render('back/auth/registro', [], true)
 4 APPPATH\Views\front\footer.php(99): view('back/auth/registro')
 5 SYSTEMPATH\View\View.php(224): include('C:\\xampp\\htdocs\\Proyecto_Isasi_Mon\\app\\Views\\front\\footer.php')
 6 SYSTEMPATH\View\View.php(227): CodeIgniter\View\View->CodeIgniter\View\{closure}()
 7 SYSTEMPATH\Common.php(1173): CodeIgniter\View\View->render('front/footer', [], true)
 8 APPPATH\Controllers\Home.php(13): view('front/footer', [...])
 9 SYSTEMPATH\CodeIgniter.php(933): App\Controllers\Home->index()
10 SYSTEMPATH\CodeIgniter.php(507): CodeIgniter\CodeIgniter->runController(Object(App\Controllers\Home))
11 SYSTEMPATH\CodeIgniter.php(354): CodeIgniter\CodeIgniter->handleRequest(null, Object(Config\Cache), false)
12 SYSTEMPATH\Boot.php(334): CodeIgniter\CodeIgniter->run()
13 SYSTEMPATH\Boot.php(67): CodeIgniter\Boot::runCodeIgniter(Object(CodeIgniter\CodeIgniter))
14 FCPATH\index.php(56): CodeIgniter\Boot::bootWeb(Object(Config\Paths))
CRITICAL - 2025-05-16 14:54:43 --> ParseError: Unclosed '{' on line 64
[Method: GET, Route: /]
in APPPATH\Views\back\auth\registro.php on line 94.
 1 SYSTEMPATH\View\View.php(227): CodeIgniter\View\View->CodeIgniter\View\{closure}()
 2 SYSTEMPATH\Common.php(1173): CodeIgniter\View\View->render('back/auth/registro', [], true)
 3 APPPATH\Views\front\footer.php(99): view('back/auth/registro')
 4 SYSTEMPATH\View\View.php(224): include('C:\\xampp\\htdocs\\Proyecto_Isasi_Mon\\app\\Views\\front\\footer.php')
 5 SYSTEMPATH\View\View.php(227): CodeIgniter\View\View->CodeIgniter\View\{closure}()
 6 SYSTEMPATH\Common.php(1173): CodeIgniter\View\View->render('front/footer', [], true)
 7 APPPATH\Controllers\Home.php(13): view('front/footer', [...])
 8 SYSTEMPATH\CodeIgniter.php(933): App\Controllers\Home->index()
 9 SYSTEMPATH\CodeIgniter.php(507): CodeIgniter\CodeIgniter->runController(Object(App\Controllers\Home))
10 SYSTEMPATH\CodeIgniter.php(354): CodeIgniter\CodeIgniter->handleRequest(null, Object(Config\Cache), false)
11 SYSTEMPATH\Boot.php(334): CodeIgniter\CodeIgniter->run()
12 SYSTEMPATH\Boot.php(67): CodeIgniter\Boot::runCodeIgniter(Object(CodeIgniter\CodeIgniter))
13 FCPATH\index.php(56): CodeIgniter\Boot::bootWeb(Object(Config\Paths))
DEBUG - 2025-05-16 14:55:41 --> Session: Class initialized using 'CodeIgniter\Session\Handlers\FileHandler' driver.
DEBUG - 2025-05-16 15:00:51 --> Session: Class initialized using 'CodeIgniter\Session\Handlers\FileHandler' driver.
DEBUG - 2025-05-16 15:00:54 --> Session: Class initialized using 'CodeIgniter\Session\Handlers\FileHandler' driver.
DEBUG - 2025-05-16 15:02:41 --> Session: Class initialized using 'CodeIgniter\Session\Handlers\FileHandler' driver.
ERROR - 2025-05-16 15:02:57 --> Error connecting to the database: mysqli_sql_exception: Unknown database 'bd_isasi_mon' in C:\xampp\htdocs\Proyecto_Isasi_Mon\system\Database\MySQLi\Connection.php:201
Stack trace:
#0 C:\xampp\htdocs\Proyecto_Isasi_Mon\system\Database\MySQLi\Connection.php(201): mysqli->real_connect('localhost', 'root', Object(SensitiveParameterValue), 'bd_isasi_mon', 3306, '', 0)
#1 C:\xampp\htdocs\Proyecto_Isasi_Mon\system\Database\BaseConnection.php(421): CodeIgniter\Database\MySQLi\Connection->connect(false)
#2 C:\xampp\htdocs\Proyecto_Isasi_Mon\system\Database\BaseConnection.php(620): CodeIgniter\Database\BaseConnection->initialize()
#3 C:\xampp\htdocs\Proyecto_Isasi_Mon\system\Database\BaseBuilder.php(1649): CodeIgniter\Database\BaseConnection->query('SELECT 1\nFROM `...', Array, false)
#4 C:\xampp\htdocs\Proyecto_Isasi_Mon\system\Validation\Rules.php(175): CodeIgniter\Database\BaseBuilder->get()
#5 C:\xampp\htdocs\Proyecto_Isasi_Mon\system\Validation\StrictRules\Rules.php(187): CodeIgniter\Validation\Rules->is_unique('gabriela@unne.c...', 'usuarios.email', Array)
#6 C:\xampp\htdocs\Proyecto_Isasi_Mon\system\Validation\Validation.php(337): CodeIgniter\Validation\StrictRules\Rules->is_unique('gabriela@unne.c...', 'usuarios.email', Array, NULL, 'email')
#7 C:\xampp\htdocs\Proyecto_Isasi_Mon\system\Validation\Validation.php(202): CodeIgniter\Validation\Validation->processRules('email', 'email', 'gabriela@unne.c...', Array, Array, 'email')
#8 C:\xampp\htdocs\Proyecto_Isasi_Mon\system\Controller.php(138): CodeIgniter\Validation\Validation->run()
#9 C:\xampp\htdocs\Proyecto_Isasi_Mon\app\Controllers\UsuarioController.php(22): CodeIgniter\Controller->validate(Array)
#10 C:\xampp\htdocs\Proyecto_Isasi_Mon\system\CodeIgniter.php(933): App\Controllers\UsuarioController->formValidation()
#11 C:\xampp\htdocs\Proyecto_Isasi_Mon\system\CodeIgniter.php(507): CodeIgniter\CodeIgniter->runController(Object(App\Controllers\UsuarioController))
#12 C:\xampp\htdocs\Proyecto_Isasi_Mon\system\CodeIgniter.php(354): CodeIgniter\CodeIgniter->handleRequest(NULL, Object(Config\Cache), false)
#13 C:\xampp\htdocs\Proyecto_Isasi_Mon\system\Boot.php(334): CodeIgniter\CodeIgniter->run()
#14 C:\xampp\htdocs\Proyecto_Isasi_Mon\system\Boot.php(67): CodeIgniter\Boot::runCodeIgniter(Object(CodeIgniter\CodeIgniter))
#15 C:\xampp\htdocs\Proyecto_Isasi_Mon\index.php(56): CodeIgniter\Boot::bootWeb(Object(Config\Paths))
#16 {main}

Next CodeIgniter\Database\Exceptions\DatabaseException: Unknown database 'bd_isasi_mon' in C:\xampp\htdocs\Proyecto_Isasi_Mon\system\Database\MySQLi\Connection.php:246
Stack trace:
#0 C:\xampp\htdocs\Proyecto_Isasi_Mon\system\Database\BaseConnection.php(421): CodeIgniter\Database\MySQLi\Connection->connect(false)
#1 C:\xampp\htdocs\Proyecto_Isasi_Mon\system\Database\BaseConnection.php(620): CodeIgniter\Database\BaseConnection->initialize()
#2 C:\xampp\htdocs\Proyecto_Isasi_Mon\system\Database\BaseBuilder.php(1649): CodeIgniter\Database\BaseConnection->query('SELECT 1\nFROM `...', Array, false)
#3 C:\xampp\htdocs\Proyecto_Isasi_Mon\system\Validation\Rules.php(175): CodeIgniter\Database\BaseBuilder->get()
#4 C:\xampp\htdocs\Proyecto_Isasi_Mon\system\Validation\StrictRules\Rules.php(187): CodeIgniter\Validation\Rules->is_unique('gabriela@unne.c...', 'usuarios.email', Array)
#5 C:\xampp\htdocs\Proyecto_Isasi_Mon\system\Validation\Validation.php(337): CodeIgniter\Validation\StrictRules\Rules->is_unique('gabriela@unne.c...', 'usuarios.email', Array, NULL, 'email')
#6 C:\xampp\htdocs\Proyecto_Isasi_Mon\system\Validation\Validation.php(202): CodeIgniter\Validation\Validation->processRules('email', 'email', 'gabriela@unne.c...', Array, Array, 'email')
#7 C:\xampp\htdocs\Proyecto_Isasi_Mon\system\Controller.php(138): CodeIgniter\Validation\Validation->run()
#8 C:\xampp\htdocs\Proyecto_Isasi_Mon\app\Controllers\UsuarioController.php(22): CodeIgniter\Controller->validate(Array)
#9 C:\xampp\htdocs\Proyecto_Isasi_Mon\system\CodeIgniter.php(933): App\Controllers\UsuarioController->formValidation()
#10 C:\xampp\htdocs\Proyecto_Isasi_Mon\system\CodeIgniter.php(507): CodeIgniter\CodeIgniter->runController(Object(App\Controllers\UsuarioController))
#11 C:\xampp\htdocs\Proyecto_Isasi_Mon\system\CodeIgniter.php(354): CodeIgniter\CodeIgniter->handleRequest(NULL, Object(Config\Cache), false)
#12 C:\xampp\htdocs\Proyecto_Isasi_Mon\system\Boot.php(334): CodeIgniter\CodeIgniter->run()
#13 C:\xampp\htdocs\Proyecto_Isasi_Mon\system\Boot.php(67): CodeIgniter\Boot::runCodeIgniter(Object(CodeIgniter\CodeIgniter))
#14 C:\xampp\htdocs\Proyecto_Isasi_Mon\index.php(56): CodeIgniter\Boot::bootWeb(Object(Config\Paths))
#15 {main}
CRITICAL - 2025-05-16 15:02:57 --> CodeIgniter\Database\Exceptions\DatabaseException: Unable to connect to the database.
Main connection [MySQLi]: Unknown database 'bd_isasi_mon'
[Method: POST, Route: enviar-form]
in SYSTEMPATH\Database\BaseConnection.php on line 467.
 1 SYSTEMPATH\Database\BaseConnection.php(620): CodeIgniter\Database\BaseConnection->initialize()
 2 SYSTEMPATH\Database\BaseBuilder.php(1649): CodeIgniter\Database\BaseConnection->query('SELECT 1
FROM `usuarios`
WHERE `email` = :email:
 LIMIT 1', [...], false)
 3 SYSTEMPATH\Validation\Rules.php(175): CodeIgniter\Database\BaseBuilder->get()
 4 SYSTEMPATH\Validation\StrictRules\Rules.php(187): CodeIgniter\Validation\Rules->is_unique('gabriela@unne.com', 'usuarios.email', [...])
 5 SYSTEMPATH\Validation\Validation.php(337): CodeIgniter\Validation\StrictRules\Rules->is_unique('gabriela@unne.com', 'usuarios.email', [...], null, 'email')
 6 SYSTEMPATH\Validation\Validation.php(202): CodeIgniter\Validation\Validation->processRules('email', 'email', 'gabriela@unne.com', [...], [...], 'email')
 7 SYSTEMPATH\Controller.php(138): CodeIgniter\Validation\Validation->run()
 8 APPPATH\Controllers\UsuarioController.php(22): CodeIgniter\Controller->validate([...])
 9 SYSTEMPATH\CodeIgniter.php(933): App\Controllers\UsuarioController->formValidation()
10 SYSTEMPATH\CodeIgniter.php(507): CodeIgniter\CodeIgniter->runController(Object(App\Controllers\UsuarioController))
11 SYSTEMPATH\CodeIgniter.php(354): CodeIgniter\CodeIgniter->handleRequest(null, Object(Config\Cache), false)
12 SYSTEMPATH\Boot.php(334): CodeIgniter\CodeIgniter->run()
13 SYSTEMPATH\Boot.php(67): CodeIgniter\Boot::runCodeIgniter(Object(CodeIgniter\CodeIgniter))
14 FCPATH\index.php(56): CodeIgniter\Boot::bootWeb(Object(Config\Paths))
DEBUG - 2025-05-16 15:04:18 --> Session: Class initialized using 'CodeIgniter\Session\Handlers\FileHandler' driver.
DEBUG - 2025-05-16 15:04:59 --> Session: Class initialized using 'CodeIgniter\Session\Handlers\FileHandler' driver.
DEBUG - 2025-05-16 15:04:59 --> Session: Class initialized using 'CodeIgniter\Session\Handlers\FileHandler' driver.
DEBUG - 2025-05-16 15:07:09 --> Session: Class initialized using 'CodeIgniter\Session\Handlers\FileHandler' driver.
DEBUG - 2025-05-16 15:07:25 --> Session: Class initialized using 'CodeIgniter\Session\Handlers\FileHandler' driver.
DEBUG - 2025-05-16 15:07:25 --> Session: Class initialized using 'CodeIgniter\Session\Handlers\FileHandler' driver.
DEBUG - 2025-05-16 15:21:57 --> Session: Class initialized using 'CodeIgniter\Session\Handlers\FileHandler' driver.
DEBUG - 2025-05-16 15:22:15 --> Session: Class initialized using 'CodeIgniter\Session\Handlers\FileHandler' driver.
DEBUG - 2025-05-16 15:22:15 --> Session: Class initialized using 'CodeIgniter\Session\Handlers\FileHandler' driver.
DEBUG - 2025-05-16 15:24:35 --> Session: Class initialized using 'CodeIgniter\Session\Handlers\FileHandler' driver.
DEBUG - 2025-05-16 15:24:36 --> Session: Class initialized using 'CodeIgniter\Session\Handlers\FileHandler' driver.
