CRITICAL - 2025-04-17 18:01:47 --> ErrorException: include(header.php): Failed to open stream: No such file or directory
[Method: GET, Route: /]
in APPPATH\Views\home.php on line 4.
 1 APPPATH\Views\home.php(4): CodeIgniter\Debug\Exceptions->errorHandler(2, 'include(header.php): Failed to open stream: No such file or directory', 'C:\\xampp\\htdocs\\Proyecto_Isasi_Mon\\app\\Views\\home.php', 4)
 2 APPPATH\Views\home.php(4): include()
 3 SYSTEMPATH\View\View.php(224): include('C:\\xampp\\htdocs\\Proyecto_Isasi_Mon\\app\\Views\\home.php')
 4 SYSTEMPATH\View\View.php(227): CodeIgniter\View\View->CodeIgniter\View\{closure}()
 5 SYSTEMPATH\Common.php(1173): CodeIgniter\View\View->render('home', [], true)
 6 APPPATH\Controllers\Home.php(9): view('home')
 7 SYSTEMPATH\CodeIgniter.php(933): App\Controllers\Home->index()
 8 SYSTEMPATH\CodeIgniter.php(507): CodeIgniter\CodeIgniter->runController(Object(App\Controllers\Home))
 9 SYSTEMPATH\CodeIgniter.php(354): CodeIgniter\CodeIgniter->handleRequest(null, Object(Config\Cache), false)
10 SYSTEMPATH\Boot.php(334): CodeIgniter\CodeIgniter->run()
11 SYSTEMPATH\Boot.php(67): CodeIgniter\Boot::runCodeIgniter(Object(CodeIgniter\CodeIgniter))
12 FCPATH\index.php(56): CodeIgniter\Boot::bootWeb(Object(Config\Paths))
CRITICAL - 2025-04-17 18:01:47 --> ErrorException: include(header.php): Failed to open stream: No such file or directory
[Method: GET, Route: /]
in APPPATH\Views\home.php on line 4.
 1 APPPATH\Views\home.php(4): CodeIgniter\Debug\Exceptions->errorHandler(2, 'include(header.php): Failed to open stream: No such file or directory', 'C:\\xampp\\htdocs\\Proyecto_Isasi_Mon\\app\\Views\\home.php', 4)
 2 APPPATH\Views\home.php(4): include()
 3 SYSTEMPATH\View\View.php(224): include('C:\\xampp\\htdocs\\Proyecto_Isasi_Mon\\app\\Views\\home.php')
 4 SYSTEMPATH\View\View.php(227): CodeIgniter\View\View->CodeIgniter\View\{closure}()
 5 SYSTEMPATH\Common.php(1173): CodeIgniter\View\View->render('home', [], true)
 6 APPPATH\Controllers\Home.php(9): view('home')
 7 SYSTEMPATH\CodeIgniter.php(933): App\Controllers\Home->index()
 8 SYSTEMPATH\CodeIgniter.php(507): CodeIgniter\CodeIgniter->runController(Object(App\Controllers\Home))
 9 SYSTEMPATH\CodeIgniter.php(354): CodeIgniter\CodeIgniter->handleRequest(null, Object(Config\Cache), false)
10 SYSTEMPATH\Boot.php(334): CodeIgniter\CodeIgniter->run()
11 SYSTEMPATH\Boot.php(67): CodeIgniter\Boot::runCodeIgniter(Object(CodeIgniter\CodeIgniter))
12 FCPATH\index.php(56): CodeIgniter\Boot::bootWeb(Object(Config\Paths))
CRITICAL - 2025-04-17 18:03:45 --> ErrorException: include(includes/header.php): Failed to open stream: No such file or directory
[Method: GET, Route: /]
in APPPATH\Views\home.php on line 4.
 1 APPPATH\Views\home.php(4): CodeIgniter\Debug\Exceptions->errorHandler(2, 'include(includes/header.php): Failed to open stream: No such file or directory', 'C:\\xampp\\htdocs\\Proyecto_Isasi_Mon\\app\\Views\\home.php', 4)
 2 APPPATH\Views\home.php(4): include()
 3 SYSTEMPATH\View\View.php(224): include('C:\\xampp\\htdocs\\Proyecto_Isasi_Mon\\app\\Views\\home.php')
 4 SYSTEMPATH\View\View.php(227): CodeIgniter\View\View->CodeIgniter\View\{closure}()
 5 SYSTEMPATH\Common.php(1173): CodeIgniter\View\View->render('home', [], true)
 6 APPPATH\Controllers\Home.php(9): view('home')
 7 SYSTEMPATH\CodeIgniter.php(933): App\Controllers\Home->index()
 8 SYSTEMPATH\CodeIgniter.php(507): CodeIgniter\CodeIgniter->runController(Object(App\Controllers\Home))
 9 SYSTEMPATH\CodeIgniter.php(354): CodeIgniter\CodeIgniter->handleRequest(null, Object(Config\Cache), false)
10 SYSTEMPATH\Boot.php(334): CodeIgniter\CodeIgniter->run()
11 SYSTEMPATH\Boot.php(67): CodeIgniter\Boot::runCodeIgniter(Object(CodeIgniter\CodeIgniter))
12 FCPATH\index.php(56): CodeIgniter\Boot::bootWeb(Object(Config\Paths))
CRITICAL - 2025-04-17 18:04:04 --> ErrorException: include(templates/includes/header.php): Failed to open stream: No such file or directory
[Method: GET, Route: /]
in APPPATH\Views\home.php on line 4.
 1 APPPATH\Views\home.php(4): CodeIgniter\Debug\Exceptions->errorHandler(2, 'include(templates/includes/header.php): Failed to open stream: No such file or directory', 'C:\\xampp\\htdocs\\Proyecto_Isasi_Mon\\app\\Views\\home.php', 4)
 2 APPPATH\Views\home.php(4): include()
 3 SYSTEMPATH\View\View.php(224): include('C:\\xampp\\htdocs\\Proyecto_Isasi_Mon\\app\\Views\\home.php')
 4 SYSTEMPATH\View\View.php(227): CodeIgniter\View\View->CodeIgniter\View\{closure}()
 5 SYSTEMPATH\Common.php(1173): CodeIgniter\View\View->render('home', [], true)
 6 APPPATH\Controllers\Home.php(9): view('home')
 7 SYSTEMPATH\CodeIgniter.php(933): App\Controllers\Home->index()
 8 SYSTEMPATH\CodeIgniter.php(507): CodeIgniter\CodeIgniter->runController(Object(App\Controllers\Home))
 9 SYSTEMPATH\CodeIgniter.php(354): CodeIgniter\CodeIgniter->handleRequest(null, Object(Config\Cache), false)
10 SYSTEMPATH\Boot.php(334): CodeIgniter\CodeIgniter->run()
11 SYSTEMPATH\Boot.php(67): CodeIgniter\Boot::runCodeIgniter(Object(CodeIgniter\CodeIgniter))
12 FCPATH\index.php(56): CodeIgniter\Boot::bootWeb(Object(Config\Paths))
CRITICAL - 2025-04-17 18:15:46 --> ErrorException: include(templates/includes/header.php): Failed to open stream: No such file or directory
[Method: GET, Route: /]
in APPPATH\Views\front\plantilla.php on line 4.
 1 APPPATH\Views\front\plantilla.php(4): CodeIgniter\Debug\Exceptions->errorHandler(2, 'include(templates/includes/header.php): Failed to open stream: No such file or directory', 'C:\\xampp\\htdocs\\Proyecto_Isasi_Mon\\app\\Views\\front\\plantilla.php', 4)
 2 APPPATH\Views\front\plantilla.php(4): include()
 3 SYSTEMPATH\View\View.php(224): include('C:\\xampp\\htdocs\\Proyecto_Isasi_Mon\\app\\Views\\front\\plantilla.php')
 4 SYSTEMPATH\View\View.php(227): CodeIgniter\View\View->CodeIgniter\View\{closure}()
 5 SYSTEMPATH\Common.php(1173): CodeIgniter\View\View->render('front/plantilla', [], true)
 6 APPPATH\Controllers\Home.php(12): view('front/plantilla', [...])
 7 SYSTEMPATH\CodeIgniter.php(933): App\Controllers\Home->index()
 8 SYSTEMPATH\CodeIgniter.php(507): CodeIgniter\CodeIgniter->runController(Object(App\Controllers\Home))
 9 SYSTEMPATH\CodeIgniter.php(354): CodeIgniter\CodeIgniter->handleRequest(null, Object(Config\Cache), false)
10 SYSTEMPATH\Boot.php(334): CodeIgniter\CodeIgniter->run()
11 SYSTEMPATH\Boot.php(67): CodeIgniter\Boot::runCodeIgniter(Object(CodeIgniter\CodeIgniter))
12 FCPATH\index.php(56): CodeIgniter\Boot::bootWeb(Object(Config\Paths))
CRITICAL - 2025-04-17 18:15:54 --> ErrorException: include(templates/includes/header.php): Failed to open stream: No such file or directory
[Method: GET, Route: /]
in APPPATH\Views\front\plantilla.php on line 4.
 1 APPPATH\Views\front\plantilla.php(4): CodeIgniter\Debug\Exceptions->errorHandler(2, 'include(templates/includes/header.php): Failed to open stream: No such file or directory', 'C:\\xampp\\htdocs\\Proyecto_Isasi_Mon\\app\\Views\\front\\plantilla.php', 4)
 2 APPPATH\Views\front\plantilla.php(4): include()
 3 SYSTEMPATH\View\View.php(224): include('C:\\xampp\\htdocs\\Proyecto_Isasi_Mon\\app\\Views\\front\\plantilla.php')
 4 SYSTEMPATH\View\View.php(227): CodeIgniter\View\View->CodeIgniter\View\{closure}()
 5 SYSTEMPATH\Common.php(1173): CodeIgniter\View\View->render('front/plantilla', [], true)
 6 APPPATH\Controllers\Home.php(12): view('front/plantilla', [...])
 7 SYSTEMPATH\CodeIgniter.php(933): App\Controllers\Home->index()
 8 SYSTEMPATH\CodeIgniter.php(507): CodeIgniter\CodeIgniter->runController(Object(App\Controllers\Home))
 9 SYSTEMPATH\CodeIgniter.php(354): CodeIgniter\CodeIgniter->handleRequest(null, Object(Config\Cache), false)
10 SYSTEMPATH\Boot.php(334): CodeIgniter\CodeIgniter->run()
11 SYSTEMPATH\Boot.php(67): CodeIgniter\Boot::runCodeIgniter(Object(CodeIgniter\CodeIgniter))
12 FCPATH\index.php(56): CodeIgniter\Boot::bootWeb(Object(Config\Paths))
CRITICAL - 2025-04-17 18:16:32 --> ErrorException: include(templates/includes/header.php): Failed to open stream: No such file or directory
[Method: GET, Route: /]
in APPPATH\Views\front\plantilla.php on line 4.
 1 APPPATH\Views\front\plantilla.php(4): CodeIgniter\Debug\Exceptions->errorHandler(2, 'include(templates/includes/header.php): Failed to open stream: No such file or directory', 'C:\\xampp\\htdocs\\Proyecto_Isasi_Mon\\app\\Views\\front\\plantilla.php', 4)
 2 APPPATH\Views\front\plantilla.php(4): include()
 3 SYSTEMPATH\View\View.php(224): include('C:\\xampp\\htdocs\\Proyecto_Isasi_Mon\\app\\Views\\front\\plantilla.php')
 4 SYSTEMPATH\View\View.php(227): CodeIgniter\View\View->CodeIgniter\View\{closure}()
 5 SYSTEMPATH\Common.php(1173): CodeIgniter\View\View->render('front/plantilla', [], true)
 6 APPPATH\Controllers\Home.php(12): view('front/plantilla', [...])
 7 SYSTEMPATH\CodeIgniter.php(933): App\Controllers\Home->index()
 8 SYSTEMPATH\CodeIgniter.php(507): CodeIgniter\CodeIgniter->runController(Object(App\Controllers\Home))
 9 SYSTEMPATH\CodeIgniter.php(354): CodeIgniter\CodeIgniter->handleRequest(null, Object(Config\Cache), false)
10 SYSTEMPATH\Boot.php(334): CodeIgniter\CodeIgniter->run()
11 SYSTEMPATH\Boot.php(67): CodeIgniter\Boot::runCodeIgniter(Object(CodeIgniter\CodeIgniter))
12 FCPATH\index.php(56): CodeIgniter\Boot::bootWeb(Object(Config\Paths))
CRITICAL - 2025-04-17 18:16:33 --> ErrorException: include(templates/includes/header.php): Failed to open stream: No such file or directory
[Method: GET, Route: /]
in APPPATH\Views\front\plantilla.php on line 4.
 1 APPPATH\Views\front\plantilla.php(4): CodeIgniter\Debug\Exceptions->errorHandler(2, 'include(templates/includes/header.php): Failed to open stream: No such file or directory', 'C:\\xampp\\htdocs\\Proyecto_Isasi_Mon\\app\\Views\\front\\plantilla.php', 4)
 2 APPPATH\Views\front\plantilla.php(4): include()
 3 SYSTEMPATH\View\View.php(224): include('C:\\xampp\\htdocs\\Proyecto_Isasi_Mon\\app\\Views\\front\\plantilla.php')
 4 SYSTEMPATH\View\View.php(227): CodeIgniter\View\View->CodeIgniter\View\{closure}()
 5 SYSTEMPATH\Common.php(1173): CodeIgniter\View\View->render('front/plantilla', [], true)
 6 APPPATH\Controllers\Home.php(12): view('front/plantilla', [...])
 7 SYSTEMPATH\CodeIgniter.php(933): App\Controllers\Home->index()
 8 SYSTEMPATH\CodeIgniter.php(507): CodeIgniter\CodeIgniter->runController(Object(App\Controllers\Home))
 9 SYSTEMPATH\CodeIgniter.php(354): CodeIgniter\CodeIgniter->handleRequest(null, Object(Config\Cache), false)
10 SYSTEMPATH\Boot.php(334): CodeIgniter\CodeIgniter->run()
11 SYSTEMPATH\Boot.php(67): CodeIgniter\Boot::runCodeIgniter(Object(CodeIgniter\CodeIgniter))
12 FCPATH\index.php(56): CodeIgniter\Boot::bootWeb(Object(Config\Paths))
CRITICAL - 2025-04-17 18:17:08 --> ErrorException: include(templates/includes/header.php): Failed to open stream: No such file or directory
[Method: GET, Route: /]
in APPPATH\Views\front\plantilla.php on line 4.
 1 APPPATH\Views\front\plantilla.php(4): CodeIgniter\Debug\Exceptions->errorHandler(2, 'include(templates/includes/header.php): Failed to open stream: No such file or directory', 'C:\\xampp\\htdocs\\Proyecto_Isasi_Mon\\app\\Views\\front\\plantilla.php', 4)
 2 APPPATH\Views\front\plantilla.php(4): include()
 3 SYSTEMPATH\View\View.php(224): include('C:\\xampp\\htdocs\\Proyecto_Isasi_Mon\\app\\Views\\front\\plantilla.php')
 4 SYSTEMPATH\View\View.php(227): CodeIgniter\View\View->CodeIgniter\View\{closure}()
 5 SYSTEMPATH\Common.php(1173): CodeIgniter\View\View->render('front/plantilla', [], true)
 6 APPPATH\Controllers\Home.php(12): view('front/plantilla', [...])
 7 SYSTEMPATH\CodeIgniter.php(933): App\Controllers\Home->index()
 8 SYSTEMPATH\CodeIgniter.php(507): CodeIgniter\CodeIgniter->runController(Object(App\Controllers\Home))
 9 SYSTEMPATH\CodeIgniter.php(354): CodeIgniter\CodeIgniter->handleRequest(null, Object(Config\Cache), false)
10 SYSTEMPATH\Boot.php(334): CodeIgniter\CodeIgniter->run()
11 SYSTEMPATH\Boot.php(67): CodeIgniter\Boot::runCodeIgniter(Object(CodeIgniter\CodeIgniter))
12 FCPATH\index.php(56): CodeIgniter\Boot::bootWeb(Object(Config\Paths))
CRITICAL - 2025-04-17 18:18:47 --> ErrorException: include(templates/includes/header.php): Failed to open stream: No such file or directory
[Method: GET, Route: /]
in APPPATH\Views\front\plantilla.php on line 4.
 1 APPPATH\Views\front\plantilla.php(4): CodeIgniter\Debug\Exceptions->errorHandler(2, 'include(templates/includes/header.php): Failed to open stream: No such file or directory', 'C:\\xampp\\htdocs\\Proyecto_Isasi_Mon\\app\\Views\\front\\plantilla.php', 4)
 2 APPPATH\Views\front\plantilla.php(4): include()
 3 SYSTEMPATH\View\View.php(224): include('C:\\xampp\\htdocs\\Proyecto_Isasi_Mon\\app\\Views\\front\\plantilla.php')
 4 SYSTEMPATH\View\View.php(227): CodeIgniter\View\View->CodeIgniter\View\{closure}()
 5 SYSTEMPATH\Common.php(1173): CodeIgniter\View\View->render('front/plantilla', [], true)
 6 APPPATH\Controllers\Home.php(12): view('front/plantilla', [...])
 7 SYSTEMPATH\CodeIgniter.php(933): App\Controllers\Home->index()
 8 SYSTEMPATH\CodeIgniter.php(507): CodeIgniter\CodeIgniter->runController(Object(App\Controllers\Home))
 9 SYSTEMPATH\CodeIgniter.php(354): CodeIgniter\CodeIgniter->handleRequest(null, Object(Config\Cache), false)
10 SYSTEMPATH\Boot.php(334): CodeIgniter\CodeIgniter->run()
11 SYSTEMPATH\Boot.php(67): CodeIgniter\Boot::runCodeIgniter(Object(CodeIgniter\CodeIgniter))
12 FCPATH\index.php(56): CodeIgniter\Boot::bootWeb(Object(Config\Paths))
CRITICAL - 2025-04-17 18:18:47 --> ErrorException: include(templates/includes/header.php): Failed to open stream: No such file or directory
[Method: GET, Route: /]
in APPPATH\Views\front\plantilla.php on line 4.
 1 APPPATH\Views\front\plantilla.php(4): CodeIgniter\Debug\Exceptions->errorHandler(2, 'include(templates/includes/header.php): Failed to open stream: No such file or directory', 'C:\\xampp\\htdocs\\Proyecto_Isasi_Mon\\app\\Views\\front\\plantilla.php', 4)
 2 APPPATH\Views\front\plantilla.php(4): include()
 3 SYSTEMPATH\View\View.php(224): include('C:\\xampp\\htdocs\\Proyecto_Isasi_Mon\\app\\Views\\front\\plantilla.php')
 4 SYSTEMPATH\View\View.php(227): CodeIgniter\View\View->CodeIgniter\View\{closure}()
 5 SYSTEMPATH\Common.php(1173): CodeIgniter\View\View->render('front/plantilla', [], true)
 6 APPPATH\Controllers\Home.php(12): view('front/plantilla', [...])
 7 SYSTEMPATH\CodeIgniter.php(933): App\Controllers\Home->index()
 8 SYSTEMPATH\CodeIgniter.php(507): CodeIgniter\CodeIgniter->runController(Object(App\Controllers\Home))
 9 SYSTEMPATH\CodeIgniter.php(354): CodeIgniter\CodeIgniter->handleRequest(null, Object(Config\Cache), false)
10 SYSTEMPATH\Boot.php(334): CodeIgniter\CodeIgniter->run()
11 SYSTEMPATH\Boot.php(67): CodeIgniter\Boot::runCodeIgniter(Object(CodeIgniter\CodeIgniter))
12 FCPATH\index.php(56): CodeIgniter\Boot::bootWeb(Object(Config\Paths))
CRITICAL - 2025-04-17 18:22:26 --> ErrorException: include(templates/includes/header.php): Failed to open stream: No such file or directory
[Method: GET, Route: /]
in APPPATH\Views\front\plantilla.php on line 4.
 1 APPPATH\Views\front\plantilla.php(4): CodeIgniter\Debug\Exceptions->errorHandler(2, 'include(templates/includes/header.php): Failed to open stream: No such file or directory', 'C:\\xampp\\htdocs\\Proyecto_Isasi_Mon\\app\\Views\\front\\plantilla.php', 4)
 2 APPPATH\Views\front\plantilla.php(4): include()
 3 SYSTEMPATH\View\View.php(224): include('C:\\xampp\\htdocs\\Proyecto_Isasi_Mon\\app\\Views\\front\\plantilla.php')
 4 SYSTEMPATH\View\View.php(227): CodeIgniter\View\View->CodeIgniter\View\{closure}()
 5 SYSTEMPATH\Common.php(1173): CodeIgniter\View\View->render('front/plantilla', [], true)
 6 APPPATH\Controllers\Home.php(12): view('front/plantilla', [...])
 7 SYSTEMPATH\CodeIgniter.php(933): App\Controllers\Home->index()
 8 SYSTEMPATH\CodeIgniter.php(507): CodeIgniter\CodeIgniter->runController(Object(App\Controllers\Home))
 9 SYSTEMPATH\CodeIgniter.php(354): CodeIgniter\CodeIgniter->handleRequest(null, Object(Config\Cache), false)
10 SYSTEMPATH\Boot.php(334): CodeIgniter\CodeIgniter->run()
11 SYSTEMPATH\Boot.php(67): CodeIgniter\Boot::runCodeIgniter(Object(CodeIgniter\CodeIgniter))
12 FCPATH\index.php(56): CodeIgniter\Boot::bootWeb(Object(Config\Paths))
CRITICAL - 2025-04-17 18:22:27 --> ErrorException: include(templates/includes/header.php): Failed to open stream: No such file or directory
[Method: GET, Route: /]
in APPPATH\Views\front\plantilla.php on line 4.
 1 APPPATH\Views\front\plantilla.php(4): CodeIgniter\Debug\Exceptions->errorHandler(2, 'include(templates/includes/header.php): Failed to open stream: No such file or directory', 'C:\\xampp\\htdocs\\Proyecto_Isasi_Mon\\app\\Views\\front\\plantilla.php', 4)
 2 APPPATH\Views\front\plantilla.php(4): include()
 3 SYSTEMPATH\View\View.php(224): include('C:\\xampp\\htdocs\\Proyecto_Isasi_Mon\\app\\Views\\front\\plantilla.php')
 4 SYSTEMPATH\View\View.php(227): CodeIgniter\View\View->CodeIgniter\View\{closure}()
 5 SYSTEMPATH\Common.php(1173): CodeIgniter\View\View->render('front/plantilla', [], true)
 6 APPPATH\Controllers\Home.php(12): view('front/plantilla', [...])
 7 SYSTEMPATH\CodeIgniter.php(933): App\Controllers\Home->index()
 8 SYSTEMPATH\CodeIgniter.php(507): CodeIgniter\CodeIgniter->runController(Object(App\Controllers\Home))
 9 SYSTEMPATH\CodeIgniter.php(354): CodeIgniter\CodeIgniter->handleRequest(null, Object(Config\Cache), false)
10 SYSTEMPATH\Boot.php(334): CodeIgniter\CodeIgniter->run()
11 SYSTEMPATH\Boot.php(67): CodeIgniter\Boot::runCodeIgniter(Object(CodeIgniter\CodeIgniter))
12 FCPATH\index.php(56): CodeIgniter\Boot::bootWeb(Object(Config\Paths))
